[debug] [2024-10-26T16:26:37.098Z] ----------------------------------------------------------------------
[debug] [2024-10-26T16:26:37.101Z] Command:       C:\Program Files\nodejs\node.exe C:\Users\pante\AppData\Roaming\npm\node_modules\firebase-tools\lib\bin\firebase.js init
[debug] [2024-10-26T16:26:37.102Z] CLI Version:   13.23.0
[debug] [2024-10-26T16:26:37.102Z] Platform:      win32
[debug] [2024-10-26T16:26:37.102Z] Node Version:  v18.18.2
[debug] [2024-10-26T16:26:37.104Z] Time:          Sun Oct 27 2024 01:26:37 GMT+0900 (日本標準時)
[debug] [2024-10-26T16:26:37.104Z] ----------------------------------------------------------------------
[debug] 
[debug] [2024-10-26T16:26:37.110Z] >>> [apiv2][query] GET https://firebase-public.firebaseio.com/cli.json [none]
[debug] [2024-10-26T16:26:37.175Z] > command requires scopes: ["email","openid","https://www.googleapis.com/auth/cloudplatformprojects.readonly","https://www.googleapis.com/auth/firebase","https://www.googleapis.com/auth/cloud-platform"]
[debug] [2024-10-26T16:26:37.175Z] > authorizing via signed-in user (ykaneko1535@gmail.com)
[info] 
     ######## #### ########  ######## ########     ###     ######  ########
     ##        ##  ##     ## ##       ##     ##  ##   ##  ##       ##
     ######    ##  ########  ######   ########  #########  ######  ######
     ##        ##  ##    ##  ##       ##     ## ##     ##       ## ##
     ##       #### ##     ## ######## ########  ##     ##  ######  ########

You're about to initialize a Firebase project in this directory:

  C:\Users\pante\JPhack\tk_2435

[debug] [2024-10-26T16:26:37.618Z] <<< [apiv2][status] GET https://firebase-public.firebaseio.com/cli.json 200
[debug] [2024-10-26T16:26:37.618Z] <<< [apiv2][body] GET https://firebase-public.firebaseio.com/cli.json {"cloudBuildErrorAfter":1594252800000,"cloudBuildWarnAfter":1590019200000,"defaultNode10After":1594252800000,"minVersion":"3.0.5","node8DeploysDisabledAfter":1613390400000,"node8RuntimeDisabledAfter":1615809600000,"node8WarnAfter":1600128000000}
